Build started 27/2/2016 10:49:52 PM.
     1>Project "C:\Users\Shania\Desktop\NEW SP2\COMG_DonovanSim\COMG_DonovanSim.vcxproj" on node 2 (Build target(s)).
     1>ClCompile:
         C:\Program Files (x86)\Microsoft Visual Studio 12.0\VC\bin\CL.exe /c /I"C:\Users\Shania\Desktop\NEW SP2\\Common\Source" /I"C:\Users\Shania\Desktop\NEW SP2\\glfw\include" /I"C:\Users\Shania\Desktop\NEW SP2\\glew\include" /ZI /nologo /W3 /WX- /Od /Oy- /D WIN32 /D _DEBUG /D _CONSOLE /D _LIB /D _UNICODE /D UNICODE /Gm /EHsc /RTC1 /MDd /GS /fp:precise /Zc:wchar_t /Zc:forScope /Fo"Debug\\" /Fd"Debug\vc120.pdb" /Gd /TP /analyze- /errorReport:prompt Source\AllParts.cpp Source\AllUpgrades.cpp Source\Building.cpp Source\Camera.cpp Source\CollisionOBJs.cpp Source\Engine.cpp Source\FirstPersonCamera.cpp Source\GameObject.cpp Source\Hull.cpp Source\InteractableOBJs.cpp Source\LoadOBJ.cpp Source\LoadTGA.cpp Source\Menu.cpp Source\Mesh.cpp Source\MeshBuilder.cpp Source\SP2.cpp Source\ShipBuilder.cpp Source\ShipParts.cpp Source\Ship_Upgrade.cpp Source\ThirdPersonCamera.cpp Source\Utility.cpp Source\Wings.cpp Source\main.cpp Source\shader.cpp
         SP2.cpp
     1>c:\users\shania\desktop\new sp2\comg_donovansim\source\sp2.h(393): warning C4244: 'argument' : conversion from 'int' to 'float', possible loss of data
     1>c:\users\shania\desktop\new sp2\comg_donovansim\source\sp2.h(394): warning C4244: 'argument' : conversion from 'int' to 'float', possible loss of data
     1>c:\users\shania\desktop\new sp2\comg_donovansim\source\sp2.cpp(26): warning C4244: 'argument' : conversion from 'time_t' to 'unsigned int', possible loss of data
     1>c:\users\shania\desktop\new sp2\comg_donovansim\source\sp2.cpp(175): warning C4244: 'argument' : conversion from 'int' to 'float', possible loss of data
     1>c:\users\shania\desktop\new sp2\comg_donovansim\source\sp2.cpp(197): warning C4244: '=' : conversion from 'double' to 'float', possible loss of data
     1>c:\users\shania\desktop\new sp2\comg_donovansim\source\sp2.cpp(446): warning C4244: '=' : conversion from 'float' to 'int', possible loss of data
     1>c:\users\shania\desktop\new sp2\comg_donovansim\source\sp2.cpp(447): warning C4244: '=' : conversion from 'float' to 'int', possible loss of data
     1>c:\users\shania\desktop\new sp2\comg_donovansim\source\sp2.cpp(477): warning C4244: '=' : conversion from 'float' to 'int', possible loss of data
     1>c:\users\shania\desktop\new sp2\comg_donovansim\source\sp2.cpp(486): warning C4244: '=' : conversion from 'double' to 'int', possible loss of data
     1>c:\users\shania\desktop\new sp2\comg_donovansim\source\sp2.cpp(487): warning C4244: '+=' : conversion from 'double' to 'float', possible loss of data
     1>c:\users\shania\desktop\new sp2\comg_donovansim\source\sp2.cpp(488): warning C4244: '+=' : conversion from 'double' to 'float', possible loss of data
     1>c:\users\shania\desktop\new sp2\comg_donovansim\source\sp2.cpp(490): warning C4244: '+=' : conversion from 'double' to 'float', possible loss of data
     1>c:\users\shania\desktop\new sp2\comg_donovansim\source\sp2.cpp(495): warning C4244: '=' : conversion from 'int' to 'float', possible loss of data
         Generating Code...
         Skipping... (no relevant changes detected)
         shader.cpp
         main.cpp
         Wings.cpp
         Utility.cpp
         ThirdPersonCamera.cpp
         Ship_Upgrade.cpp
         ShipParts.cpp
         ShipBuilder.cpp
         MeshBuilder.cpp
         Mesh.cpp
         Menu.cpp
         LoadTGA.cpp
         LoadOBJ.cpp
         InteractableOBJs.cpp
         Hull.cpp
         GameObject.cpp
         FirstPersonCamera.cpp
         Engine.cpp
         CollisionOBJs.cpp
         Camera.cpp
         Building.cpp
         AllUpgrades.cpp
         AllParts.cpp
       Link:
         C:\Program Files (x86)\Microsoft Visual Studio 12.0\VC\bin\link.exe /ERRORREPORT:PROMPT /OUT:"C:\Users\Shania\Desktop\NEW SP2\Debug\COMG_DonovanSim.exe" /INCREMENTAL /NOLOGO /LIBPATH:"C:\Users\Shania\Desktop\NEW SP2\Debug" /LIBPATH:"C:\Users\Shania\Desktop\NEW SP2\\glfw\lib-msvc120" /LIBPATH:"C:\Users\Shania\Desktop\NEW SP2\\glew\lib" glew32.lib glfw3.lib opengl32.lib winmm.lib Common.lib kernel32.lib user32.lib gdi32.lib winspool.lib comdlg32.lib advapi32.lib shell32.lib ole32.lib oleaut32.lib uuid.lib odbc32.lib odbccp32.lib /MANIFEST /MANIFESTUAC:"level='asInvoker' uiAccess='false'" /manifest:embed /DEBUG /PDB:"C:\Users\Shania\Desktop\NEW SP2\Debug\COMG_DonovanSim.pdb" /SUBSYSTEM:CONSOLE /TLBID:1 /DYNAMICBASE /NXCOMPAT /IMPLIB:"C:\Users\Shania\Desktop\NEW SP2\Debug\COMG_DonovanSim.lib" /MACHINE:X86 Debug\AllParts.obj
         Debug\AllUpgrades.obj
         Debug\Building.obj
         Debug\Engine.obj
         Debug\Hull.obj
         Debug\InteractableOBJs.obj
         Debug\Inventory.obj
         Debug\Keypad.obj
         Debug\Player.obj
         Debug\Ship.obj
         Debug\ShipBuilder.obj
         Debug\ShipParts.obj
         Debug\Ship_Upgrade.obj
         Debug\Wings.obj
         Debug\Application.obj
         Debug\Camera.obj
         Debug\GameObject.obj
         Debug\CollisionOBJs.obj
         Debug\FirstPersonCamera.obj
         Debug\LoadOBJ.obj
         Debug\LoadTGA.obj
         Debug\main.obj
         Debug\Menu.obj
         Debug\Mesh.obj
         Debug\MeshBuilder.obj
         Debug\shader.obj
         Debug\SP2.obj
         Debug\SP2_Shorthand.obj
         Debug\ThirdPersonCamera.obj
         Debug\Utility.obj
         COMG_DonovanSim.vcxproj -> C:\Users\Shania\Desktop\NEW SP2\Debug\COMG_DonovanSim.exe
     1>Done Building Project "C:\Users\Shania\Desktop\NEW SP2\COMG_DonovanSim\COMG_DonovanSim.vcxproj" (Build target(s)).

Build succeeded.

Time Elapsed 00:00:02.18
