c:\users\garygoh\desktop\sp2project\comg_donovansim\debug\vc120.pdb
c:\users\garygoh\desktop\sp2project\comg_donovansim\debug\vc120.idb
c:\users\garygoh\desktop\sp2project\comg_donovansim\debug\camera.obj
c:\users\garygoh\desktop\sp2project\comg_donovansim\debug\camera2.obj
c:\users\garygoh\desktop\sp2project\comg_donovansim\debug\camera3.obj
c:\users\garygoh\desktop\sp2project\comg_donovansim\debug\loadobj.obj
c:\users\garygoh\desktop\sp2project\comg_donovansim\debug\loadtga.obj
c:\users\garygoh\desktop\sp2project\comg_donovansim\debug\main.obj
c:\users\garygoh\desktop\sp2project\comg_donovansim\debug\mesh.obj
c:\users\garygoh\desktop\sp2project\comg_donovansim\debug\meshbuilder.obj
c:\users\garygoh\desktop\sp2project\comg_donovansim\debug\scene1.obj
c:\users\garygoh\desktop\sp2project\comg_donovansim\debug\scene2.obj
c:\users\garygoh\desktop\sp2project\comg_donovansim\debug\scene3.obj
c:\users\garygoh\desktop\sp2project\comg_donovansim\debug\scene4.obj
c:\users\garygoh\desktop\sp2project\comg_donovansim\debug\scenelight.obj
c:\users\garygoh\desktop\sp2project\comg_donovansim\debug\scenelight2.obj
c:\users\garygoh\desktop\sp2project\comg_donovansim\debug\scenemodel.obj
c:\users\garygoh\desktop\sp2project\comg_donovansim\debug\sceneskybox.obj
c:\users\garygoh\desktop\sp2project\comg_donovansim\debug\scenetext.obj
c:\users\garygoh\desktop\sp2project\comg_donovansim\debug\scenetexture.obj
c:\users\garygoh\desktop\sp2project\comg_donovansim\debug\shader.obj
c:\users\garygoh\desktop\sp2project\comg_donovansim\debug\utility.obj
c:\users\garygoh\desktop\sp2project\comg_donovansim\debug\application.obj
c:\users\garygoh\desktop\sp2project\comg_donovansim\debug\asn1.obj
c:\users\garygoh\desktop\sp2project\comg_donovansim\debug\asn2.obj
c:\users\garygoh\desktop\sp2project\comg_donovansim\debug\asn3.obj
c:\users\garygoh\desktop\sp2project\debug\comg_donovansim.ilk
c:\users\garygoh\desktop\sp2project\debug\comg_donovansim.exe
c:\users\garygoh\desktop\sp2project\debug\comg_donovansim.pdb
c:\users\garygoh\desktop\sp2project\comg_donovansim\debug\comg_donovansim.tlog\cl.command.1.tlog
c:\users\garygoh\desktop\sp2project\comg_donovansim\debug\comg_donovansim.tlog\cl.read.1.tlog
c:\users\garygoh\desktop\sp2project\comg_donovansim\debug\comg_donovansim.tlog\cl.write.1.tlog
c:\users\garygoh\desktop\sp2project\comg_donovansim\debug\comg_donovansim.tlog\link.command.1.tlog
c:\users\garygoh\desktop\sp2project\comg_donovansim\debug\comg_donovansim.tlog\link.read.1.tlog
c:\users\garygoh\desktop\sp2project\comg_donovansim\debug\comg_donovansim.tlog\link.write.1.tlog
