Build started 2/15/2016 11:10:47 AM.
     1>Project "C:\Users\donov_000\Desktop\SP2\Common\Common.vcxproj" on node 2 (Build target(s)).
     1>ClCompile:
         C:\Program Files (x86)\Microsoft Visual Studio 12.0\VC\bin\CL.exe /c /ZI /nologo /W3 /WX- /Od /Oy- /D WIN32 /D _DEBUG /D _LIB /D _UNICODE /D UNICODE /Gm /EHsc /RTC1 /MDd /GS /fp:precise /Zc:wchar_t /Zc:forScope /Fo"Debug\\" /Fd"Debug\vc120.pdb" /Gd /TP /analyze- /errorReport:prompt Source\MathUtility.cpp Source\MatrixStack.cpp Source\Mtx44.cpp Source\timer.cpp Source\Vector2.cpp Source\Vector3.cpp
         Vector3.cpp
         Vector2.cpp
         timer.cpp
         Mtx44.cpp
         MatrixStack.cpp
         MathUtility.cpp
     1>c:\users\donov_000\desktop\sp2\common\source\mathutility.cpp(17): warning C4244: 'initializing' : conversion from 'int' to 'float', possible loss of data
     1>c:\users\donov_000\desktop\sp2\common\source\mathutility.cpp(18): warning C4244: 'return' : conversion from 'float' to 'int', possible loss of data
     1>c:\users\donov_000\desktop\sp2\common\source\mathutility.cpp(23): warning C4244: 'initializing' : conversion from 'int' to 'float', possible loss of data
     1>c:\users\donov_000\desktop\sp2\common\source\mathutility.cpp(24): warning C4244: 'return' : conversion from 'float' to 'int', possible loss of data
         Generating Code...
       Lib:
         C:\Program Files (x86)\Microsoft Visual Studio 12.0\VC\bin\Lib.exe /OUT:"C:\Users\donov_000\Desktop\SP2\Debug\Common.lib" /NOLOGO Debug\MathUtility.obj
         Debug\MatrixStack.obj
         Debug\Mtx44.obj
         Debug\timer.obj
         Debug\Vector2.obj
         Debug\Vector3.obj
         Common.vcxproj -> C:\Users\donov_000\Desktop\SP2\Debug\Common.lib
     1>Done Building Project "C:\Users\donov_000\Desktop\SP2\Common\Common.vcxproj" (Build target(s)).

Build succeeded.

Time Elapsed 00:00:02.21
